<?xml version="1.0" encoding="UTF-8"?>
<!-- Generated by org.testng.reporters.JUnitXMLReporter -->
<testsuite hostname="esmarika-Inspiron-3542" name="Default test" tests="8" failures="0" timestamp="12 Mar 2018 10:48:33 GMT" time="0.791" errors="0">
  <testcase name="ExcelData" time="0.008" classname="backend.LoginPage.ExcelData"/>
  <testcase name="ExcelData" time="0.003" classname="backend.LoginPage.ExcelData"/>
  <testcase name="ExcelData" time="0.003" classname="backend.LoginPage.ExcelData"/>
  <testcase name="ExcelData" time="0.001" classname="backend.LoginPage.ExcelData"/>
  <testcase name="Data" time="0.001" classname="backend.LoginPage.ExcelData"/>
  <testcase name="Data" time="0.001" classname="backend.LoginPage.ExcelData"/>
  <testcase name="Data" time="0.001" classname="backend.LoginPage.ExcelData"/>
  <testcase name="Data" time="0.001" classname="backend.LoginPage.ExcelData"/>
</testsuite> <!-- Default test -->
